[debug] [2022-09-29T13:14:19.424Z] ----------------------------------------------------------------------
[debug] [2022-09-29T13:14:19.426Z] Command:       C:\Program Files\nodejs\node.exe C:\Users\Forcier\AppData\Roaming\npm\node_modules\firebase-tools\lib\bin\firebase.js deploy
[debug] [2022-09-29T13:14:19.427Z] CLI Version:   11.11.0
[debug] [2022-09-29T13:14:19.427Z] Platform:      win32
[debug] [2022-09-29T13:14:19.428Z] Node Version:  v16.13.1
[debug] [2022-09-29T13:14:19.429Z] Time:          Thu Sep 29 2022 15:14:19 GMT+0200 (Eastern European Standard Time)
[debug] [2022-09-29T13:14:19.429Z] ----------------------------------------------------------------------
[debug] 
[debug] [2022-09-29T13:14:19.514Z] > command requires scopes: ["email","openid","https://www.googleapis.com/auth/cloudplatformprojects.readonly","https://www.googleapis.com/auth/firebase","https://www.googleapis.com/auth/cloud-platform"]
[debug] [2022-09-29T13:14:19.514Z] > authorizing via signed-in user (ahelmi365@gmail.com)
[debug] [2022-09-29T13:14:19.514Z] [iam] checking project ieatapp for permissions ["firebase.projects.get","firebasehosting.sites.update"]
[debug] [2022-09-29T13:14:19.519Z] >>> [apiv2][query] POST https://cloudresourcemanager.googleapis.com/v1/projects/ieatapp:testIamPermissions [none]
[debug] [2022-09-29T13:14:19.519Z] >>> [apiv2][(partial)header] POST https://cloudresourcemanager.googleapis.com/v1/projects/ieatapp:testIamPermissions x-goog-quota-user=projects/ieatapp
[debug] [2022-09-29T13:14:19.519Z] >>> [apiv2][body] POST https://cloudresourcemanager.googleapis.com/v1/projects/ieatapp:testIamPermissions {"permissions":["firebase.projects.get","firebasehosting.sites.update"]}
[debug] [2022-09-29T13:14:20.419Z] <<< [apiv2][status] POST https://cloudresourcemanager.googleapis.com/v1/projects/ieatapp:testIamPermissions 200
[debug] [2022-09-29T13:14:20.419Z] <<< [apiv2][body] POST https://cloudresourcemanager.googleapis.com/v1/projects/ieatapp:testIamPermissions {"permissions":["firebase.projects.get","firebasehosting.sites.update"]}
[debug] [2022-09-29T13:14:20.420Z] >>> [apiv2][query] GET https://firebase.googleapis.com/v1beta1/projects/ieatapp [none]
[debug] [2022-09-29T13:14:20.783Z] <<< [apiv2][status] GET https://firebase.googleapis.com/v1beta1/projects/ieatapp 200
[debug] [2022-09-29T13:14:20.784Z] <<< [apiv2][body] GET https://firebase.googleapis.com/v1beta1/projects/ieatapp {"projectId":"ieatapp","projectNumber":"33804070398","displayName":"iEatApp","name":"projects/ieatapp","resources":{"hostingSite":"ieatapp"},"state":"ACTIVE","etag":"1_1ef95df1-9410-41b3-92d0-4a0f7f466dc5"}
[info] 
[info] === Deploying to 'ieatapp'...
[info] 
[info] i  deploying hosting 
[debug] [2022-09-29T13:14:20.790Z] >>> [apiv2][query] GET https://firebase.googleapis.com/v1beta1/projects/ieatapp [none]
[debug] [2022-09-29T13:14:21.101Z] <<< [apiv2][status] GET https://firebase.googleapis.com/v1beta1/projects/ieatapp 200
[debug] [2022-09-29T13:14:21.102Z] <<< [apiv2][body] GET https://firebase.googleapis.com/v1beta1/projects/ieatapp {"projectId":"ieatapp","projectNumber":"33804070398","displayName":"iEatApp","name":"projects/ieatapp","resources":{"hostingSite":"ieatapp"},"state":"ACTIVE","etag":"1_1ef95df1-9410-41b3-92d0-4a0f7f466dc5"}
[debug] [2022-09-29T13:14:21.106Z] >>> [apiv2][query] POST https://firebasehosting.googleapis.com/v1beta1/projects/33804070398/sites/ieatapp/versions [none]
[debug] [2022-09-29T13:14:21.106Z] >>> [apiv2][body] POST https://firebasehosting.googleapis.com/v1beta1/projects/33804070398/sites/ieatapp/versions {"config":{"rewrites":[{"glob":"**","path":"/index.html"}]},"labels":{"deployment-tool":"cli-firebase"}}
[debug] [2022-09-29T13:14:28.779Z] <<< [apiv2][status] POST https://firebasehosting.googleapis.com/v1beta1/projects/33804070398/sites/ieatapp/versions 200
[debug] [2022-09-29T13:14:28.780Z] <<< [apiv2][body] POST https://firebasehosting.googleapis.com/v1beta1/projects/33804070398/sites/ieatapp/versions {"name":"projects/33804070398/sites/ieatapp/versions/f1b6fa5e6d3dff1d","status":"CREATED","config":{"rewrites":[{"glob":"**","path":"/index.html"}]},"labels":{"deployment-tool":"cli-firebase"}}
[info] i  hosting[ieatapp]: beginning deploy... 
[info] i  hosting[ieatapp]: found 46 files in dist/i-eat 
[debug] [2022-09-29T13:14:28.833Z] [hosting] uploading with 200 concurrency
[debug] [2022-09-29T13:14:29.123Z] [hosting] hash cache [ZGlzdFxpLWVhdA] stored for 46 files
[debug] [2022-09-29T13:14:29.125Z] [hosting][hash queue][FINAL] {"max":260,"min":2,"avg":88.69565217391302,"active":0,"complete":46,"success":46,"errored":0,"retried":0,"total":46,"elapsed":277}
[debug] [2022-09-29T13:14:29.127Z] >>> [apiv2][query] POST https://firebasehosting.googleapis.com/v1beta1/projects/33804070398/sites/ieatapp/versions/f1b6fa5e6d3dff1d:populateFiles [none]
[debug] [2022-09-29T13:14:29.128Z] >>> [apiv2][body] POST https://firebasehosting.googleapis.com/v1beta1/projects/33804070398/sites/ieatapp/versions/f1b6fa5e6d3dff1d:populateFiles {"files":{"/favicon.ico":"2c19690e9587bae12f419b34d2edeecc76808099540a9c9f4ea6194116cfc8f7","/assets/images/body_background.png":"7b7d3d33c652af6fe53f42794e97b46f4444081c9260978e7845d8d5969c6d5f","/assets/images/food/desserts/baklava-small.png":"b2b187484773c651bf020ac1e62d0cd5857c92ce2caecb53b12da168fd7e8999","/assets/images/food/desserts/basbosa-small.jpg":"a54488459b444fe68e7690460d58f9f2e517a8f3384cbce8e21b1ea407b0b717","/assets/images/food/desserts/konafa-small.jpg":"45927a5de9e76fcb0ee2403bb1ebc3781b1e796d0fac9cc50af4fbca01af8122","/assets/images/food/desserts/mix_desserts-small.png":"bba9ca7446fa38b7f43ad1aea54540a1e9b271b23386a3549ee83d11d12bc828","/assets/images/food/desserts/om_ali-small.jpg":"291a8b6c656f1e0ef93e80a3280f96982a6381d80f8ff770e0f0ba1a2a10e882","/assets/images/food/meals/alexandrian-kebdah-small.jpg":"545f67991710cb3b008fcba92a39826397d136fe07a4ab652a0daac80dcccc5c","/assets/images/food/meals/baba-small.jpg":"acda5579119c3c812b4aae1413b48a08b53e39e7bd12d1ccd880c19dd844292a","/assets/images/food/meals/beans-eggs-small.png":"7f1c6bb92aedf2eb834b1cf26fa444865b4bdc44592fdd6a10e7e9edcd4fbc5f","/assets/images/food/meals/beans-small.jpeg":"6534a21fc0dcee4f1d211f4e82fc9bfae8c3111fba97b9dd57e665938e755465","/assets/images/food/meals/besarah-small.jpg":"317cd03fbbafcad5193a7d3b071f53aa6407e6abb4ac3bab71bc202351c234fb","/assets/images/food/meals/calemari-small.jpg":"d07f0362c78c325d3b0754b92682bbbd7ce4c7f08565f5b11dd615bd49ad6bca","/assets/images/food/meals/falafel-small.jpg":"feafee5e9af7961bcad6d385c235216cc2fa7b347b49680ffc132f2438575cb8","/assets/images/food/meals/greek-salad-small.jpg":"99dd06df2f03caf36223152b1b2d33a08efea664c930fb8ecbd41fdafeb58377","/assets/images/food/meals/hawawshi-small.jpg":"9a2211c877b63f6cd622c3ae27ce216f1c57a1535f302964444a39114c23fddb","/assets/images/food/meals/kofta-small.png":"cc242c555695b9019e251e04f8aa7026918e90e9dc16a18e695b2ed78103c275","/assets/images/food/meals/koshary-small.jpg":"cc66b621063eada9504019cd9323a7979e58d5f5546d0edbf75ef92f437f3ee9","/assets/images/food/meals/mahshi-small.jpg":"4f5538f74ec8a74c1e8559c499a12c92b10034cea7df9f620c3a712489e69eb3","/assets/images/food/meals/molokhiya-small.png":"faa27a9ec3752d2d7bbfadb9cc3284ace4be2a9023751398be1d3b9e6e17d0ef","/assets/images/food/meals/pasta-salad-small.jpg":"4bfb2a98b7f4b87cb32314d7344015f50626f62244f6f1db700c30db4ae0eb4c","/assets/images/food/meals/pigeon-small.png":"271878f7375e9ef18e36e8e897a4b92831c57d1c4e23ad091f09e7e92eff11c1","/assets/images/food/meals/shawarma-small.png":"d044556510a76fd490811dcccc52750a62d3a41a35041b6acd72eedf8342820f","/3rdpartylicenses.txt":"20eec0567b77c39996f39d814e92e3c7d9fd3ebe53df4c9b8144c349ab2d8dae","/index.html":"7c55d20b60498e4561cbe9ccbbd76be1bb7ca74648b7986997af27a9d95ab50d","/polyfills.18f71b3efa75cad1.js":"105e592a02f085ab2ee28b154145106c1542709ec67747d248d514aeb15ec357","/runtime.dc6d9305e12594a2.js":"75d4a2c7084a2445f3879325f2d67bbb7466abe11287064da7c5520434e1631c","/assets/data/menu_items.json":"e65f1e62109002331849a112ebb6b3a53b262225fa11025ba161d6dccc133bd5","/assets/images/food/soup/potato.webp":"305ed61cbeea96aa85f04117d179f66bac7cee7fa2a7101e0a00fbb5ea2a630e","/assets/images/food/soup/pumpkin.webp":"2bfb82a6faaa917b0facce31015177c9a733ad99a39f372bc721af284c3f85ec","/assets/images/food/drinks/karkade-small.png":"a7f4daa49f92daab83d74204f3d42a61076ccef41d6019b66d06b9855a5d5168","/assets/images/food/soup/carrot.webp":"fef481fbc754e61be7082d73dbe0084b34dd28c4f1065a83ae8d87d942bceb64","/assets/images/food/soup/lentil.webp":"a57e59af5a71b7cdaa5fd719f7ee8663e25896ded93e5c6127b2c0f885c81d2c","/assets/images/food/drinks/limoon-small.png":"f14dd9a1bb893eb8c5aab3cefefb6f6936b76b531f6ecac11d261534211d7cfe","/assets/images/food/drinks/sugarcan-small.png":"2eea4240b067f3106aaccd96594a8cf5650ac5b735179bcc96ce4d154456f769","/assets/images/food/drinks/tea-small.png":"ed9d185596ed0dbdd0486af0381e03c5c7c16ff8ef53bf36468e42690433742a","/assets/images/food/drinks/yansoun-small.png":"e30b6443b5bd89b5959f511ba5d7274748edfc3c34ac6a820b8bc1ba9eff2d9e","/assets/images/food/soup/kale.webp":"cbc5d280f5d78758a467e40b0f3c5ac763a07369c1f769f5cb564b8e9ab5ed0f","/fontawesome-webfont.e9955780856cf8aa.woff2":"38d88317bebc79b4945a679daadd47daebbadc5cd13b41473143394ca7e8d892","/assets/images/food/drinks/sahlab-small.png":"439fd04375313741f3d851d415d917ca4a3b2d72c29673701e4af880db1b2b08","/fontawesome-webfont.cf011583fb81df9f.woff":"b51c2c79cce89b7c5947672c13f735c24ee1a9f8f6ebdb957c5fdfe567f27d37","/styles.e729776ec090c639.css":"13dcf6502c59572a43443b881d81feddd91e8d42c600abc6ac7b3670ba968b8c","/fontawesome-webfont.2b13baa7dd4f54c9.eot":"4944999b255adf473d5b86b300eba33737e8f598c17f24e82a28582393331209","/fontawesome-webfont.8a7cb27d142e3e19.ttf":"d9cef07d4f3569883fb4c3db76acea5478cef80775d012841eb78a42e60a8e89","/main.0003962acd24b1de.js":"7185f1911395554a7d9c6636b4f40b32390b2dbe03f37b48906801430ac54448","/fontawesome-webfont.da909aa098b0ee2d.svg":"9b74ca5333a9ca156ae6ef0920d5bc42d283e95d25651bf4375404f0407a63ab"}}
[debug] [2022-09-29T13:14:50.598Z] [populateQueue] Retrying task index 0
[debug] [2022-09-29T13:14:50.601Z] >>> [apiv2][query] POST https://firebasehosting.googleapis.com/v1beta1/projects/33804070398/sites/ieatapp/versions/f1b6fa5e6d3dff1d:populateFiles [none]
[debug] [2022-09-29T13:14:50.602Z] >>> [apiv2][body] POST https://firebasehosting.googleapis.com/v1beta1/projects/33804070398/sites/ieatapp/versions/f1b6fa5e6d3dff1d:populateFiles {"files":{"/favicon.ico":"2c19690e9587bae12f419b34d2edeecc76808099540a9c9f4ea6194116cfc8f7","/assets/images/body_background.png":"7b7d3d33c652af6fe53f42794e97b46f4444081c9260978e7845d8d5969c6d5f","/assets/images/food/desserts/baklava-small.png":"b2b187484773c651bf020ac1e62d0cd5857c92ce2caecb53b12da168fd7e8999","/assets/images/food/desserts/basbosa-small.jpg":"a54488459b444fe68e7690460d58f9f2e517a8f3384cbce8e21b1ea407b0b717","/assets/images/food/desserts/konafa-small.jpg":"45927a5de9e76fcb0ee2403bb1ebc3781b1e796d0fac9cc50af4fbca01af8122","/assets/images/food/desserts/mix_desserts-small.png":"bba9ca7446fa38b7f43ad1aea54540a1e9b271b23386a3549ee83d11d12bc828","/assets/images/food/desserts/om_ali-small.jpg":"291a8b6c656f1e0ef93e80a3280f96982a6381d80f8ff770e0f0ba1a2a10e882","/assets/images/food/meals/alexandrian-kebdah-small.jpg":"545f67991710cb3b008fcba92a39826397d136fe07a4ab652a0daac80dcccc5c","/assets/images/food/meals/baba-small.jpg":"acda5579119c3c812b4aae1413b48a08b53e39e7bd12d1ccd880c19dd844292a","/assets/images/food/meals/beans-eggs-small.png":"7f1c6bb92aedf2eb834b1cf26fa444865b4bdc44592fdd6a10e7e9edcd4fbc5f","/assets/images/food/meals/beans-small.jpeg":"6534a21fc0dcee4f1d211f4e82fc9bfae8c3111fba97b9dd57e665938e755465","/assets/images/food/meals/besarah-small.jpg":"317cd03fbbafcad5193a7d3b071f53aa6407e6abb4ac3bab71bc202351c234fb","/assets/images/food/meals/calemari-small.jpg":"d07f0362c78c325d3b0754b92682bbbd7ce4c7f08565f5b11dd615bd49ad6bca","/assets/images/food/meals/falafel-small.jpg":"feafee5e9af7961bcad6d385c235216cc2fa7b347b49680ffc132f2438575cb8","/assets/images/food/meals/greek-salad-small.jpg":"99dd06df2f03caf36223152b1b2d33a08efea664c930fb8ecbd41fdafeb58377","/assets/images/food/meals/hawawshi-small.jpg":"9a2211c877b63f6cd622c3ae27ce216f1c57a1535f302964444a39114c23fddb","/assets/images/food/meals/kofta-small.png":"cc242c555695b9019e251e04f8aa7026918e90e9dc16a18e695b2ed78103c275","/assets/images/food/meals/koshary-small.jpg":"cc66b621063eada9504019cd9323a7979e58d5f5546d0edbf75ef92f437f3ee9","/assets/images/food/meals/mahshi-small.jpg":"4f5538f74ec8a74c1e8559c499a12c92b10034cea7df9f620c3a712489e69eb3","/assets/images/food/meals/molokhiya-small.png":"faa27a9ec3752d2d7bbfadb9cc3284ace4be2a9023751398be1d3b9e6e17d0ef","/assets/images/food/meals/pasta-salad-small.jpg":"4bfb2a98b7f4b87cb32314d7344015f50626f62244f6f1db700c30db4ae0eb4c","/assets/images/food/meals/pigeon-small.png":"271878f7375e9ef18e36e8e897a4b92831c57d1c4e23ad091f09e7e92eff11c1","/assets/images/food/meals/shawarma-small.png":"d044556510a76fd490811dcccc52750a62d3a41a35041b6acd72eedf8342820f","/3rdpartylicenses.txt":"20eec0567b77c39996f39d814e92e3c7d9fd3ebe53df4c9b8144c349ab2d8dae","/index.html":"7c55d20b60498e4561cbe9ccbbd76be1bb7ca74648b7986997af27a9d95ab50d","/polyfills.18f71b3efa75cad1.js":"105e592a02f085ab2ee28b154145106c1542709ec67747d248d514aeb15ec357","/runtime.dc6d9305e12594a2.js":"75d4a2c7084a2445f3879325f2d67bbb7466abe11287064da7c5520434e1631c","/assets/data/menu_items.json":"e65f1e62109002331849a112ebb6b3a53b262225fa11025ba161d6dccc133bd5","/assets/images/food/soup/potato.webp":"305ed61cbeea96aa85f04117d179f66bac7cee7fa2a7101e0a00fbb5ea2a630e","/assets/images/food/soup/pumpkin.webp":"2bfb82a6faaa917b0facce31015177c9a733ad99a39f372bc721af284c3f85ec","/assets/images/food/drinks/karkade-small.png":"a7f4daa49f92daab83d74204f3d42a61076ccef41d6019b66d06b9855a5d5168","/assets/images/food/soup/carrot.webp":"fef481fbc754e61be7082d73dbe0084b34dd28c4f1065a83ae8d87d942bceb64","/assets/images/food/soup/lentil.webp":"a57e59af5a71b7cdaa5fd719f7ee8663e25896ded93e5c6127b2c0f885c81d2c","/assets/images/food/drinks/limoon-small.png":"f14dd9a1bb893eb8c5aab3cefefb6f6936b76b531f6ecac11d261534211d7cfe","/assets/images/food/drinks/sugarcan-small.png":"2eea4240b067f3106aaccd96594a8cf5650ac5b735179bcc96ce4d154456f769","/assets/images/food/drinks/tea-small.png":"ed9d185596ed0dbdd0486af0381e03c5c7c16ff8ef53bf36468e42690433742a","/assets/images/food/drinks/yansoun-small.png":"e30b6443b5bd89b5959f511ba5d7274748edfc3c34ac6a820b8bc1ba9eff2d9e","/assets/images/food/soup/kale.webp":"cbc5d280f5d78758a467e40b0f3c5ac763a07369c1f769f5cb564b8e9ab5ed0f","/fontawesome-webfont.e9955780856cf8aa.woff2":"38d88317bebc79b4945a679daadd47daebbadc5cd13b41473143394ca7e8d892","/assets/images/food/drinks/sahlab-small.png":"439fd04375313741f3d851d415d917ca4a3b2d72c29673701e4af880db1b2b08","/fontawesome-webfont.cf011583fb81df9f.woff":"b51c2c79cce89b7c5947672c13f735c24ee1a9f8f6ebdb957c5fdfe567f27d37","/styles.e729776ec090c639.css":"13dcf6502c59572a43443b881d81feddd91e8d42c600abc6ac7b3670ba968b8c","/fontawesome-webfont.2b13baa7dd4f54c9.eot":"4944999b255adf473d5b86b300eba33737e8f598c17f24e82a28582393331209","/fontawesome-webfont.8a7cb27d142e3e19.ttf":"d9cef07d4f3569883fb4c3db76acea5478cef80775d012841eb78a42e60a8e89","/main.0003962acd24b1de.js":"7185f1911395554a7d9c6636b4f40b32390b2dbe03f37b48906801430ac54448","/fontawesome-webfont.da909aa098b0ee2d.svg":"9b74ca5333a9ca156ae6ef0920d5bc42d283e95d25651bf4375404f0407a63ab"}}
[debug] [2022-09-29T13:15:13.825Z] <<< [apiv2][status] POST https://firebasehosting.googleapis.com/v1beta1/projects/33804070398/sites/ieatapp/versions/f1b6fa5e6d3dff1d:populateFiles 200
[debug] [2022-09-29T13:15:13.826Z] <<< [apiv2][body] POST https://firebasehosting.googleapis.com/v1beta1/projects/33804070398/sites/ieatapp/versions/f1b6fa5e6d3dff1d:populateFiles {"uploadRequiredHashes":["e30b6443b5bd89b5959f511ba5d7274748edfc3c34ac6a820b8bc1ba9eff2d9e","f14dd9a1bb893eb8c5aab3cefefb6f6936b76b531f6ecac11d261534211d7cfe","7185f1911395554a7d9c6636b4f40b32390b2dbe03f37b48906801430ac54448","e65f1e62109002331849a112ebb6b3a53b262225fa11025ba161d6dccc133bd5","2eea4240b067f3106aaccd96594a8cf5650ac5b735179bcc96ce4d154456f769","7c55d20b60498e4561cbe9ccbbd76be1bb7ca74648b7986997af27a9d95ab50d","cbc5d280f5d78758a467e40b0f3c5ac763a07369c1f769f5cb564b8e9ab5ed0f","439fd04375313741f3d851d415d917ca4a3b2d72c29673701e4af880db1b2b08","a7f4daa49f92daab83d74204f3d42a61076ccef41d6019b66d06b9855a5d5168","2bfb82a6faaa917b0facce31015177c9a733ad99a39f372bc721af284c3f85ec","a57e59af5a71b7cdaa5fd719f7ee8663e25896ded93e5c6127b2c0f885c81d2c","fef481fbc754e61be7082d73dbe0084b34dd28c4f1065a83ae8d87d942bceb64","305ed61cbeea96aa85f04117d179f66bac7cee7fa2a7101e0a00fbb5ea2a630e","ed9d185596ed0dbdd0486af0381e03c5c7c16ff8ef53bf36468e42690433742a"],"uploadUrl":"https://upload-firebasehosting.googleapis.com/upload/sites/ieatapp/versions/f1b6fa5e6d3dff1d/files"}
[debug] [2022-09-29T13:15:13.838Z] >>> [apiv2][query] POST https://upload-firebasehosting.googleapis.com/upload/sites/ieatapp/versions/f1b6fa5e6d3dff1d/files/e30b6443b5bd89b5959f511ba5d7274748edfc3c34ac6a820b8bc1ba9eff2d9e [none]
[debug] [2022-09-29T13:15:13.838Z] >>> [apiv2][body] POST https://upload-firebasehosting.googleapis.com/upload/sites/ieatapp/versions/f1b6fa5e6d3dff1d/files/e30b6443b5bd89b5959f511ba5d7274748edfc3c34ac6a820b8bc1ba9eff2d9e [stream]
[debug] [2022-09-29T13:15:13.840Z] >>> [apiv2][query] POST https://upload-firebasehosting.googleapis.com/upload/sites/ieatapp/versions/f1b6fa5e6d3dff1d/files/f14dd9a1bb893eb8c5aab3cefefb6f6936b76b531f6ecac11d261534211d7cfe [none]
[debug] [2022-09-29T13:15:13.840Z] >>> [apiv2][body] POST https://upload-firebasehosting.googleapis.com/upload/sites/ieatapp/versions/f1b6fa5e6d3dff1d/files/f14dd9a1bb893eb8c5aab3cefefb6f6936b76b531f6ecac11d261534211d7cfe [stream]
[debug] [2022-09-29T13:15:13.842Z] >>> [apiv2][query] POST https://upload-firebasehosting.googleapis.com/upload/sites/ieatapp/versions/f1b6fa5e6d3dff1d/files/7185f1911395554a7d9c6636b4f40b32390b2dbe03f37b48906801430ac54448 [none]
[debug] [2022-09-29T13:15:13.842Z] >>> [apiv2][body] POST https://upload-firebasehosting.googleapis.com/upload/sites/ieatapp/versions/f1b6fa5e6d3dff1d/files/7185f1911395554a7d9c6636b4f40b32390b2dbe03f37b48906801430ac54448 [stream]
[debug] [2022-09-29T13:15:13.845Z] >>> [apiv2][query] POST https://upload-firebasehosting.googleapis.com/upload/sites/ieatapp/versions/f1b6fa5e6d3dff1d/files/e65f1e62109002331849a112ebb6b3a53b262225fa11025ba161d6dccc133bd5 [none]
[debug] [2022-09-29T13:15:13.845Z] >>> [apiv2][body] POST https://upload-firebasehosting.googleapis.com/upload/sites/ieatapp/versions/f1b6fa5e6d3dff1d/files/e65f1e62109002331849a112ebb6b3a53b262225fa11025ba161d6dccc133bd5 [stream]
[debug] [2022-09-29T13:15:13.847Z] >>> [apiv2][query] POST https://upload-firebasehosting.googleapis.com/upload/sites/ieatapp/versions/f1b6fa5e6d3dff1d/files/2eea4240b067f3106aaccd96594a8cf5650ac5b735179bcc96ce4d154456f769 [none]
[debug] [2022-09-29T13:15:13.847Z] >>> [apiv2][body] POST https://upload-firebasehosting.googleapis.com/upload/sites/ieatapp/versions/f1b6fa5e6d3dff1d/files/2eea4240b067f3106aaccd96594a8cf5650ac5b735179bcc96ce4d154456f769 [stream]
[debug] [2022-09-29T13:15:13.848Z] >>> [apiv2][query] POST https://upload-firebasehosting.googleapis.com/upload/sites/ieatapp/versions/f1b6fa5e6d3dff1d/files/7c55d20b60498e4561cbe9ccbbd76be1bb7ca74648b7986997af27a9d95ab50d [none]
[debug] [2022-09-29T13:15:13.848Z] >>> [apiv2][body] POST https://upload-firebasehosting.googleapis.com/upload/sites/ieatapp/versions/f1b6fa5e6d3dff1d/files/7c55d20b60498e4561cbe9ccbbd76be1bb7ca74648b7986997af27a9d95ab50d [stream]
[debug] [2022-09-29T13:15:13.850Z] >>> [apiv2][query] POST https://upload-firebasehosting.googleapis.com/upload/sites/ieatapp/versions/f1b6fa5e6d3dff1d/files/cbc5d280f5d78758a467e40b0f3c5ac763a07369c1f769f5cb564b8e9ab5ed0f [none]
[debug] [2022-09-29T13:15:13.850Z] >>> [apiv2][body] POST https://upload-firebasehosting.googleapis.com/upload/sites/ieatapp/versions/f1b6fa5e6d3dff1d/files/cbc5d280f5d78758a467e40b0f3c5ac763a07369c1f769f5cb564b8e9ab5ed0f [stream]
[debug] [2022-09-29T13:15:13.851Z] >>> [apiv2][query] POST https://upload-firebasehosting.googleapis.com/upload/sites/ieatapp/versions/f1b6fa5e6d3dff1d/files/439fd04375313741f3d851d415d917ca4a3b2d72c29673701e4af880db1b2b08 [none]
[debug] [2022-09-29T13:15:13.852Z] >>> [apiv2][body] POST https://upload-firebasehosting.googleapis.com/upload/sites/ieatapp/versions/f1b6fa5e6d3dff1d/files/439fd04375313741f3d851d415d917ca4a3b2d72c29673701e4af880db1b2b08 [stream]
[debug] [2022-09-29T13:15:13.853Z] >>> [apiv2][query] POST https://upload-firebasehosting.googleapis.com/upload/sites/ieatapp/versions/f1b6fa5e6d3dff1d/files/a7f4daa49f92daab83d74204f3d42a61076ccef41d6019b66d06b9855a5d5168 [none]
[debug] [2022-09-29T13:15:13.853Z] >>> [apiv2][body] POST https://upload-firebasehosting.googleapis.com/upload/sites/ieatapp/versions/f1b6fa5e6d3dff1d/files/a7f4daa49f92daab83d74204f3d42a61076ccef41d6019b66d06b9855a5d5168 [stream]
[debug] [2022-09-29T13:15:13.855Z] >>> [apiv2][query] POST https://upload-firebasehosting.googleapis.com/upload/sites/ieatapp/versions/f1b6fa5e6d3dff1d/files/2bfb82a6faaa917b0facce31015177c9a733ad99a39f372bc721af284c3f85ec [none]
[debug] [2022-09-29T13:15:13.855Z] >>> [apiv2][body] POST https://upload-firebasehosting.googleapis.com/upload/sites/ieatapp/versions/f1b6fa5e6d3dff1d/files/2bfb82a6faaa917b0facce31015177c9a733ad99a39f372bc721af284c3f85ec [stream]
[debug] [2022-09-29T13:15:13.856Z] >>> [apiv2][query] POST https://upload-firebasehosting.googleapis.com/upload/sites/ieatapp/versions/f1b6fa5e6d3dff1d/files/a57e59af5a71b7cdaa5fd719f7ee8663e25896ded93e5c6127b2c0f885c81d2c [none]
[debug] [2022-09-29T13:15:13.856Z] >>> [apiv2][body] POST https://upload-firebasehosting.googleapis.com/upload/sites/ieatapp/versions/f1b6fa5e6d3dff1d/files/a57e59af5a71b7cdaa5fd719f7ee8663e25896ded93e5c6127b2c0f885c81d2c [stream]
[debug] [2022-09-29T13:15:13.857Z] >>> [apiv2][query] POST https://upload-firebasehosting.googleapis.com/upload/sites/ieatapp/versions/f1b6fa5e6d3dff1d/files/fef481fbc754e61be7082d73dbe0084b34dd28c4f1065a83ae8d87d942bceb64 [none]
[debug] [2022-09-29T13:15:13.857Z] >>> [apiv2][body] POST https://upload-firebasehosting.googleapis.com/upload/sites/ieatapp/versions/f1b6fa5e6d3dff1d/files/fef481fbc754e61be7082d73dbe0084b34dd28c4f1065a83ae8d87d942bceb64 [stream]
[debug] [2022-09-29T13:15:13.861Z] >>> [apiv2][query] POST https://upload-firebasehosting.googleapis.com/upload/sites/ieatapp/versions/f1b6fa5e6d3dff1d/files/305ed61cbeea96aa85f04117d179f66bac7cee7fa2a7101e0a00fbb5ea2a630e [none]
[debug] [2022-09-29T13:15:13.861Z] >>> [apiv2][body] POST https://upload-firebasehosting.googleapis.com/upload/sites/ieatapp/versions/f1b6fa5e6d3dff1d/files/305ed61cbeea96aa85f04117d179f66bac7cee7fa2a7101e0a00fbb5ea2a630e [stream]
[debug] [2022-09-29T13:15:13.862Z] >>> [apiv2][query] POST https://upload-firebasehosting.googleapis.com/upload/sites/ieatapp/versions/f1b6fa5e6d3dff1d/files/ed9d185596ed0dbdd0486af0381e03c5c7c16ff8ef53bf36468e42690433742a [none]
[debug] [2022-09-29T13:15:13.862Z] >>> [apiv2][body] POST https://upload-firebasehosting.googleapis.com/upload/sites/ieatapp/versions/f1b6fa5e6d3dff1d/files/ed9d185596ed0dbdd0486af0381e03c5c7c16ff8ef53bf36468e42690433742a [stream]
[debug] [2022-09-29T13:15:13.863Z] [hosting][populate queue][FINAL] {"max":23237,"min":23237,"avg":23237,"active":0,"complete":1,"success":1,"errored":0,"retried":1,"total":1,"elapsed":44749}
[debug] [2022-09-29T13:15:13.863Z] [hosting] uploads queued: 14
[debug] [2022-09-29T13:15:26.021Z] [uploadQueue] Retrying task f14dd9a1bb893eb8c5aab3cefefb6f6936b76b531f6ecac11d261534211d7cfe
[debug] [2022-09-29T13:15:26.022Z] >>> [apiv2][query] POST https://upload-firebasehosting.googleapis.com/upload/sites/ieatapp/versions/f1b6fa5e6d3dff1d/files/f14dd9a1bb893eb8c5aab3cefefb6f6936b76b531f6ecac11d261534211d7cfe [none]
[debug] [2022-09-29T13:15:26.023Z] >>> [apiv2][body] POST https://upload-firebasehosting.googleapis.com/upload/sites/ieatapp/versions/f1b6fa5e6d3dff1d/files/f14dd9a1bb893eb8c5aab3cefefb6f6936b76b531f6ecac11d261534211d7cfe [stream]
[debug] [2022-09-29T13:15:31.719Z] [uploadQueue] Retrying task 7c55d20b60498e4561cbe9ccbbd76be1bb7ca74648b7986997af27a9d95ab50d
[debug] [2022-09-29T13:15:31.723Z] >>> [apiv2][query] POST https://upload-firebasehosting.googleapis.com/upload/sites/ieatapp/versions/f1b6fa5e6d3dff1d/files/7c55d20b60498e4561cbe9ccbbd76be1bb7ca74648b7986997af27a9d95ab50d [none]
[debug] [2022-09-29T13:15:31.724Z] >>> [apiv2][body] POST https://upload-firebasehosting.googleapis.com/upload/sites/ieatapp/versions/f1b6fa5e6d3dff1d/files/7c55d20b60498e4561cbe9ccbbd76be1bb7ca74648b7986997af27a9d95ab50d [stream]
[debug] [2022-09-29T13:15:32.079Z] [uploadQueue] Retrying task fef481fbc754e61be7082d73dbe0084b34dd28c4f1065a83ae8d87d942bceb64
[debug] [2022-09-29T13:15:32.083Z] >>> [apiv2][query] POST https://upload-firebasehosting.googleapis.com/upload/sites/ieatapp/versions/f1b6fa5e6d3dff1d/files/fef481fbc754e61be7082d73dbe0084b34dd28c4f1065a83ae8d87d942bceb64 [none]
[debug] [2022-09-29T13:15:32.084Z] >>> [apiv2][body] POST https://upload-firebasehosting.googleapis.com/upload/sites/ieatapp/versions/f1b6fa5e6d3dff1d/files/fef481fbc754e61be7082d73dbe0084b34dd28c4f1065a83ae8d87d942bceb64 [stream]
[debug] [2022-09-29T13:15:34.100Z] [uploadQueue] Retrying task a57e59af5a71b7cdaa5fd719f7ee8663e25896ded93e5c6127b2c0f885c81d2c
[debug] [2022-09-29T13:15:34.101Z] >>> [apiv2][query] POST https://upload-firebasehosting.googleapis.com/upload/sites/ieatapp/versions/f1b6fa5e6d3dff1d/files/a57e59af5a71b7cdaa5fd719f7ee8663e25896ded93e5c6127b2c0f885c81d2c [none]
[debug] [2022-09-29T13:15:34.101Z] >>> [apiv2][body] POST https://upload-firebasehosting.googleapis.com/upload/sites/ieatapp/versions/f1b6fa5e6d3dff1d/files/a57e59af5a71b7cdaa5fd719f7ee8663e25896ded93e5c6127b2c0f885c81d2c [stream]
[debug] [2022-09-29T13:15:35.352Z] [uploadQueue] Retrying task cbc5d280f5d78758a467e40b0f3c5ac763a07369c1f769f5cb564b8e9ab5ed0f
[debug] [2022-09-29T13:15:35.355Z] >>> [apiv2][query] POST https://upload-firebasehosting.googleapis.com/upload/sites/ieatapp/versions/f1b6fa5e6d3dff1d/files/cbc5d280f5d78758a467e40b0f3c5ac763a07369c1f769f5cb564b8e9ab5ed0f [none]
[debug] [2022-09-29T13:15:35.356Z] >>> [apiv2][body] POST https://upload-firebasehosting.googleapis.com/upload/sites/ieatapp/versions/f1b6fa5e6d3dff1d/files/cbc5d280f5d78758a467e40b0f3c5ac763a07369c1f769f5cb564b8e9ab5ed0f [stream]
[debug] [2022-09-29T13:15:35.369Z] [uploadQueue] Retrying task 2eea4240b067f3106aaccd96594a8cf5650ac5b735179bcc96ce4d154456f769
[debug] [2022-09-29T13:15:35.371Z] >>> [apiv2][query] POST https://upload-firebasehosting.googleapis.com/upload/sites/ieatapp/versions/f1b6fa5e6d3dff1d/files/2eea4240b067f3106aaccd96594a8cf5650ac5b735179bcc96ce4d154456f769 [none]
[debug] [2022-09-29T13:15:35.371Z] >>> [apiv2][body] POST https://upload-firebasehosting.googleapis.com/upload/sites/ieatapp/versions/f1b6fa5e6d3dff1d/files/2eea4240b067f3106aaccd96594a8cf5650ac5b735179bcc96ce4d154456f769 [stream]
[debug] [2022-09-29T13:15:44.273Z] [uploadQueue] Retrying task e30b6443b5bd89b5959f511ba5d7274748edfc3c34ac6a820b8bc1ba9eff2d9e
[debug] [2022-09-29T13:15:44.274Z] >>> [apiv2][query] POST https://upload-firebasehosting.googleapis.com/upload/sites/ieatapp/versions/f1b6fa5e6d3dff1d/files/e30b6443b5bd89b5959f511ba5d7274748edfc3c34ac6a820b8bc1ba9eff2d9e [none]
[debug] [2022-09-29T13:15:44.274Z] >>> [apiv2][body] POST https://upload-firebasehosting.googleapis.com/upload/sites/ieatapp/versions/f1b6fa5e6d3dff1d/files/e30b6443b5bd89b5959f511ba5d7274748edfc3c34ac6a820b8bc1ba9eff2d9e [stream]
[debug] [2022-09-29T13:15:44.276Z] [uploadQueue] Retrying task 7185f1911395554a7d9c6636b4f40b32390b2dbe03f37b48906801430ac54448
[debug] [2022-09-29T13:15:44.277Z] >>> [apiv2][query] POST https://upload-firebasehosting.googleapis.com/upload/sites/ieatapp/versions/f1b6fa5e6d3dff1d/files/7185f1911395554a7d9c6636b4f40b32390b2dbe03f37b48906801430ac54448 [none]
[debug] [2022-09-29T13:15:44.277Z] >>> [apiv2][body] POST https://upload-firebasehosting.googleapis.com/upload/sites/ieatapp/versions/f1b6fa5e6d3dff1d/files/7185f1911395554a7d9c6636b4f40b32390b2dbe03f37b48906801430ac54448 [stream]
[debug] [2022-09-29T13:15:44.278Z] [uploadQueue] Retrying task e65f1e62109002331849a112ebb6b3a53b262225fa11025ba161d6dccc133bd5
[debug] [2022-09-29T13:15:44.278Z] >>> [apiv2][query] POST https://upload-firebasehosting.googleapis.com/upload/sites/ieatapp/versions/f1b6fa5e6d3dff1d/files/e65f1e62109002331849a112ebb6b3a53b262225fa11025ba161d6dccc133bd5 [none]
[debug] [2022-09-29T13:15:44.278Z] >>> [apiv2][body] POST https://upload-firebasehosting.googleapis.com/upload/sites/ieatapp/versions/f1b6fa5e6d3dff1d/files/e65f1e62109002331849a112ebb6b3a53b262225fa11025ba161d6dccc133bd5 [stream]
[debug] [2022-09-29T13:15:44.286Z] [uploadQueue] Retrying task 439fd04375313741f3d851d415d917ca4a3b2d72c29673701e4af880db1b2b08
[debug] [2022-09-29T13:15:44.286Z] >>> [apiv2][query] POST https://upload-firebasehosting.googleapis.com/upload/sites/ieatapp/versions/f1b6fa5e6d3dff1d/files/439fd04375313741f3d851d415d917ca4a3b2d72c29673701e4af880db1b2b08 [none]
[debug] [2022-09-29T13:15:44.286Z] >>> [apiv2][body] POST https://upload-firebasehosting.googleapis.com/upload/sites/ieatapp/versions/f1b6fa5e6d3dff1d/files/439fd04375313741f3d851d415d917ca4a3b2d72c29673701e4af880db1b2b08 [stream]
[debug] [2022-09-29T13:15:44.288Z] [uploadQueue] Retrying task a7f4daa49f92daab83d74204f3d42a61076ccef41d6019b66d06b9855a5d5168
[debug] [2022-09-29T13:15:44.288Z] >>> [apiv2][query] POST https://upload-firebasehosting.googleapis.com/upload/sites/ieatapp/versions/f1b6fa5e6d3dff1d/files/a7f4daa49f92daab83d74204f3d42a61076ccef41d6019b66d06b9855a5d5168 [none]
[debug] [2022-09-29T13:15:44.288Z] >>> [apiv2][body] POST https://upload-firebasehosting.googleapis.com/upload/sites/ieatapp/versions/f1b6fa5e6d3dff1d/files/a7f4daa49f92daab83d74204f3d42a61076ccef41d6019b66d06b9855a5d5168 [stream]
[debug] [2022-09-29T13:15:44.289Z] [uploadQueue] Retrying task 2bfb82a6faaa917b0facce31015177c9a733ad99a39f372bc721af284c3f85ec
[debug] [2022-09-29T13:15:44.290Z] >>> [apiv2][query] POST https://upload-firebasehosting.googleapis.com/upload/sites/ieatapp/versions/f1b6fa5e6d3dff1d/files/2bfb82a6faaa917b0facce31015177c9a733ad99a39f372bc721af284c3f85ec [none]
[debug] [2022-09-29T13:15:44.290Z] >>> [apiv2][body] POST https://upload-firebasehosting.googleapis.com/upload/sites/ieatapp/versions/f1b6fa5e6d3dff1d/files/2bfb82a6faaa917b0facce31015177c9a733ad99a39f372bc721af284c3f85ec [stream]
[debug] [2022-09-29T13:15:44.291Z] [uploadQueue] Retrying task 305ed61cbeea96aa85f04117d179f66bac7cee7fa2a7101e0a00fbb5ea2a630e
[debug] [2022-09-29T13:15:44.292Z] >>> [apiv2][query] POST https://upload-firebasehosting.googleapis.com/upload/sites/ieatapp/versions/f1b6fa5e6d3dff1d/files/305ed61cbeea96aa85f04117d179f66bac7cee7fa2a7101e0a00fbb5ea2a630e [none]
[debug] [2022-09-29T13:15:44.292Z] >>> [apiv2][body] POST https://upload-firebasehosting.googleapis.com/upload/sites/ieatapp/versions/f1b6fa5e6d3dff1d/files/305ed61cbeea96aa85f04117d179f66bac7cee7fa2a7101e0a00fbb5ea2a630e [stream]
[debug] [2022-09-29T13:15:44.293Z] [uploadQueue] Retrying task ed9d185596ed0dbdd0486af0381e03c5c7c16ff8ef53bf36468e42690433742a
[debug] [2022-09-29T13:15:44.293Z] >>> [apiv2][query] POST https://upload-firebasehosting.googleapis.com/upload/sites/ieatapp/versions/f1b6fa5e6d3dff1d/files/ed9d185596ed0dbdd0486af0381e03c5c7c16ff8ef53bf36468e42690433742a [none]
[debug] [2022-09-29T13:15:44.293Z] >>> [apiv2][body] POST https://upload-firebasehosting.googleapis.com/upload/sites/ieatapp/versions/f1b6fa5e6d3dff1d/files/ed9d185596ed0dbdd0486af0381e03c5c7c16ff8ef53bf36468e42690433742a [stream]
[debug] [2022-09-29T13:15:47.025Z] [uploadQueue] Retrying task 2eea4240b067f3106aaccd96594a8cf5650ac5b735179bcc96ce4d154456f769
[debug] [2022-09-29T13:15:47.028Z] >>> [apiv2][query] POST https://upload-firebasehosting.googleapis.com/upload/sites/ieatapp/versions/f1b6fa5e6d3dff1d/files/2eea4240b067f3106aaccd96594a8cf5650ac5b735179bcc96ce4d154456f769 [none]
[debug] [2022-09-29T13:15:47.029Z] >>> [apiv2][body] POST https://upload-firebasehosting.googleapis.com/upload/sites/ieatapp/versions/f1b6fa5e6d3dff1d/files/2eea4240b067f3106aaccd96594a8cf5650ac5b735179bcc96ce4d154456f769 [stream]
[debug] [2022-09-29T13:15:47.872Z] [uploadQueue] Retrying task f14dd9a1bb893eb8c5aab3cefefb6f6936b76b531f6ecac11d261534211d7cfe
[debug] [2022-09-29T13:15:47.874Z] >>> [apiv2][query] POST https://upload-firebasehosting.googleapis.com/upload/sites/ieatapp/versions/f1b6fa5e6d3dff1d/files/f14dd9a1bb893eb8c5aab3cefefb6f6936b76b531f6ecac11d261534211d7cfe [none]
[debug] [2022-09-29T13:15:47.874Z] >>> [apiv2][body] POST https://upload-firebasehosting.googleapis.com/upload/sites/ieatapp/versions/f1b6fa5e6d3dff1d/files/f14dd9a1bb893eb8c5aab3cefefb6f6936b76b531f6ecac11d261534211d7cfe [stream]
[debug] [2022-09-29T13:15:49.916Z] [uploadQueue] Retrying task cbc5d280f5d78758a467e40b0f3c5ac763a07369c1f769f5cb564b8e9ab5ed0f
[debug] [2022-09-29T13:15:49.918Z] >>> [apiv2][query] POST https://upload-firebasehosting.googleapis.com/upload/sites/ieatapp/versions/f1b6fa5e6d3dff1d/files/cbc5d280f5d78758a467e40b0f3c5ac763a07369c1f769f5cb564b8e9ab5ed0f [none]
[debug] [2022-09-29T13:15:49.918Z] >>> [apiv2][body] POST https://upload-firebasehosting.googleapis.com/upload/sites/ieatapp/versions/f1b6fa5e6d3dff1d/files/cbc5d280f5d78758a467e40b0f3c5ac763a07369c1f769f5cb564b8e9ab5ed0f [stream]
[debug] [2022-09-29T13:15:50.346Z] <<< [apiv2][status] POST https://upload-firebasehosting.googleapis.com/upload/sites/ieatapp/versions/f1b6fa5e6d3dff1d/files/e65f1e62109002331849a112ebb6b3a53b262225fa11025ba161d6dccc133bd5 200
[debug] [2022-09-29T13:15:50.347Z] <<< [apiv2][body] POST https://upload-firebasehosting.googleapis.com/upload/sites/ieatapp/versions/f1b6fa5e6d3dff1d/files/e65f1e62109002331849a112ebb6b3a53b262225fa11025ba161d6dccc133bd5 [stream]
[debug] [2022-09-29T13:15:50.649Z] [uploadQueue] Retrying task fef481fbc754e61be7082d73dbe0084b34dd28c4f1065a83ae8d87d942bceb64
[debug] [2022-09-29T13:15:50.651Z] >>> [apiv2][query] POST https://upload-firebasehosting.googleapis.com/upload/sites/ieatapp/versions/f1b6fa5e6d3dff1d/files/fef481fbc754e61be7082d73dbe0084b34dd28c4f1065a83ae8d87d942bceb64 [none]
[debug] [2022-09-29T13:15:50.651Z] >>> [apiv2][body] POST https://upload-firebasehosting.googleapis.com/upload/sites/ieatapp/versions/f1b6fa5e6d3dff1d/files/fef481fbc754e61be7082d73dbe0084b34dd28c4f1065a83ae8d87d942bceb64 [stream]
[debug] [2022-09-29T13:15:53.171Z] <<< [apiv2][status] POST https://upload-firebasehosting.googleapis.com/upload/sites/ieatapp/versions/f1b6fa5e6d3dff1d/files/7c55d20b60498e4561cbe9ccbbd76be1bb7ca74648b7986997af27a9d95ab50d 200
[debug] [2022-09-29T13:15:53.171Z] <<< [apiv2][body] POST https://upload-firebasehosting.googleapis.com/upload/sites/ieatapp/versions/f1b6fa5e6d3dff1d/files/7c55d20b60498e4561cbe9ccbbd76be1bb7ca74648b7986997af27a9d95ab50d [stream]
[debug] [2022-09-29T13:15:56.485Z] [uploadQueue] Retrying task e30b6443b5bd89b5959f511ba5d7274748edfc3c34ac6a820b8bc1ba9eff2d9e
[debug] [2022-09-29T13:15:56.486Z] >>> [apiv2][query] POST https://upload-firebasehosting.googleapis.com/upload/sites/ieatapp/versions/f1b6fa5e6d3dff1d/files/e30b6443b5bd89b5959f511ba5d7274748edfc3c34ac6a820b8bc1ba9eff2d9e [none]
[debug] [2022-09-29T13:15:56.487Z] >>> [apiv2][body] POST https://upload-firebasehosting.googleapis.com/upload/sites/ieatapp/versions/f1b6fa5e6d3dff1d/files/e30b6443b5bd89b5959f511ba5d7274748edfc3c34ac6a820b8bc1ba9eff2d9e [stream]
[debug] [2022-09-29T13:16:00.024Z] [uploadQueue] Retrying task 2eea4240b067f3106aaccd96594a8cf5650ac5b735179bcc96ce4d154456f769
[debug] [2022-09-29T13:16:00.026Z] >>> [apiv2][query] POST https://upload-firebasehosting.googleapis.com/upload/sites/ieatapp/versions/f1b6fa5e6d3dff1d/files/2eea4240b067f3106aaccd96594a8cf5650ac5b735179bcc96ce4d154456f769 [none]
[debug] [2022-09-29T13:16:00.028Z] >>> [apiv2][body] POST https://upload-firebasehosting.googleapis.com/upload/sites/ieatapp/versions/f1b6fa5e6d3dff1d/files/2eea4240b067f3106aaccd96594a8cf5650ac5b735179bcc96ce4d154456f769 [stream]
[debug] [2022-09-29T13:16:04.934Z] [uploadQueue] Retrying task a57e59af5a71b7cdaa5fd719f7ee8663e25896ded93e5c6127b2c0f885c81d2c
[debug] [2022-09-29T13:16:04.935Z] >>> [apiv2][query] POST https://upload-firebasehosting.googleapis.com/upload/sites/ieatapp/versions/f1b6fa5e6d3dff1d/files/a57e59af5a71b7cdaa5fd719f7ee8663e25896ded93e5c6127b2c0f885c81d2c [none]
[debug] [2022-09-29T13:16:04.935Z] >>> [apiv2][body] POST https://upload-firebasehosting.googleapis.com/upload/sites/ieatapp/versions/f1b6fa5e6d3dff1d/files/a57e59af5a71b7cdaa5fd719f7ee8663e25896ded93e5c6127b2c0f885c81d2c [stream]
[debug] [2022-09-29T13:16:06.142Z] [uploadQueue] Retrying task 7185f1911395554a7d9c6636b4f40b32390b2dbe03f37b48906801430ac54448
[debug] [2022-09-29T13:16:06.151Z] >>> [apiv2][query] POST https://upload-firebasehosting.googleapis.com/upload/sites/ieatapp/versions/f1b6fa5e6d3dff1d/files/7185f1911395554a7d9c6636b4f40b32390b2dbe03f37b48906801430ac54448 [none]
[debug] [2022-09-29T13:16:06.151Z] >>> [apiv2][body] POST https://upload-firebasehosting.googleapis.com/upload/sites/ieatapp/versions/f1b6fa5e6d3dff1d/files/7185f1911395554a7d9c6636b4f40b32390b2dbe03f37b48906801430ac54448 [stream]
[debug] [2022-09-29T13:16:06.166Z] [uploadQueue] Retrying task 2bfb82a6faaa917b0facce31015177c9a733ad99a39f372bc721af284c3f85ec
[debug] [2022-09-29T13:16:06.167Z] >>> [apiv2][query] POST https://upload-firebasehosting.googleapis.com/upload/sites/ieatapp/versions/f1b6fa5e6d3dff1d/files/2bfb82a6faaa917b0facce31015177c9a733ad99a39f372bc721af284c3f85ec [none]
[debug] [2022-09-29T13:16:06.167Z] >>> [apiv2][body] POST https://upload-firebasehosting.googleapis.com/upload/sites/ieatapp/versions/f1b6fa5e6d3dff1d/files/2bfb82a6faaa917b0facce31015177c9a733ad99a39f372bc721af284c3f85ec [stream]
[debug] [2022-09-29T13:16:06.172Z] [uploadQueue] Retrying task ed9d185596ed0dbdd0486af0381e03c5c7c16ff8ef53bf36468e42690433742a
[debug] [2022-09-29T13:16:06.175Z] >>> [apiv2][query] POST https://upload-firebasehosting.googleapis.com/upload/sites/ieatapp/versions/f1b6fa5e6d3dff1d/files/ed9d185596ed0dbdd0486af0381e03c5c7c16ff8ef53bf36468e42690433742a [none]
[debug] [2022-09-29T13:16:06.175Z] >>> [apiv2][body] POST https://upload-firebasehosting.googleapis.com/upload/sites/ieatapp/versions/f1b6fa5e6d3dff1d/files/ed9d185596ed0dbdd0486af0381e03c5c7c16ff8ef53bf36468e42690433742a [stream]
[debug] [2022-09-29T13:16:12.576Z] [uploadQueue] Retrying task cbc5d280f5d78758a467e40b0f3c5ac763a07369c1f769f5cb564b8e9ab5ed0f
[debug] [2022-09-29T13:16:12.581Z] >>> [apiv2][query] POST https://upload-firebasehosting.googleapis.com/upload/sites/ieatapp/versions/f1b6fa5e6d3dff1d/files/cbc5d280f5d78758a467e40b0f3c5ac763a07369c1f769f5cb564b8e9ab5ed0f [none]
[debug] [2022-09-29T13:16:12.582Z] >>> [apiv2][body] POST https://upload-firebasehosting.googleapis.com/upload/sites/ieatapp/versions/f1b6fa5e6d3dff1d/files/cbc5d280f5d78758a467e40b0f3c5ac763a07369c1f769f5cb564b8e9ab5ed0f [stream]
[debug] [2022-09-29T13:16:14.578Z] [uploadQueue] Retrying task f14dd9a1bb893eb8c5aab3cefefb6f6936b76b531f6ecac11d261534211d7cfe
[debug] [2022-09-29T13:16:14.579Z] >>> [apiv2][query] POST https://upload-firebasehosting.googleapis.com/upload/sites/ieatapp/versions/f1b6fa5e6d3dff1d/files/f14dd9a1bb893eb8c5aab3cefefb6f6936b76b531f6ecac11d261534211d7cfe [none]
[debug] [2022-09-29T13:16:14.579Z] >>> [apiv2][body] POST https://upload-firebasehosting.googleapis.com/upload/sites/ieatapp/versions/f1b6fa5e6d3dff1d/files/f14dd9a1bb893eb8c5aab3cefefb6f6936b76b531f6ecac11d261534211d7cfe [stream]
[debug] [2022-09-29T13:16:15.118Z] [uploadQueue] Retrying task 439fd04375313741f3d851d415d917ca4a3b2d72c29673701e4af880db1b2b08
[debug] [2022-09-29T13:16:15.121Z] >>> [apiv2][query] POST https://upload-firebasehosting.googleapis.com/upload/sites/ieatapp/versions/f1b6fa5e6d3dff1d/files/439fd04375313741f3d851d415d917ca4a3b2d72c29673701e4af880db1b2b08 [none]
[debug] [2022-09-29T13:16:15.122Z] >>> [apiv2][body] POST https://upload-firebasehosting.googleapis.com/upload/sites/ieatapp/versions/f1b6fa5e6d3dff1d/files/439fd04375313741f3d851d415d917ca4a3b2d72c29673701e4af880db1b2b08 [stream]
[debug] [2022-09-29T13:16:15.130Z] [uploadQueue] Retrying task a7f4daa49f92daab83d74204f3d42a61076ccef41d6019b66d06b9855a5d5168
[debug] [2022-09-29T13:16:15.140Z] >>> [apiv2][query] POST https://upload-firebasehosting.googleapis.com/upload/sites/ieatapp/versions/f1b6fa5e6d3dff1d/files/a7f4daa49f92daab83d74204f3d42a61076ccef41d6019b66d06b9855a5d5168 [none]
[debug] [2022-09-29T13:16:15.142Z] >>> [apiv2][body] POST https://upload-firebasehosting.googleapis.com/upload/sites/ieatapp/versions/f1b6fa5e6d3dff1d/files/a7f4daa49f92daab83d74204f3d42a61076ccef41d6019b66d06b9855a5d5168 [stream]
[debug] [2022-09-29T13:16:15.145Z] [uploadQueue] Retrying task 305ed61cbeea96aa85f04117d179f66bac7cee7fa2a7101e0a00fbb5ea2a630e
[debug] [2022-09-29T13:16:15.146Z] >>> [apiv2][query] POST https://upload-firebasehosting.googleapis.com/upload/sites/ieatapp/versions/f1b6fa5e6d3dff1d/files/305ed61cbeea96aa85f04117d179f66bac7cee7fa2a7101e0a00fbb5ea2a630e [none]
[debug] [2022-09-29T13:16:15.147Z] >>> [apiv2][body] POST https://upload-firebasehosting.googleapis.com/upload/sites/ieatapp/versions/f1b6fa5e6d3dff1d/files/305ed61cbeea96aa85f04117d179f66bac7cee7fa2a7101e0a00fbb5ea2a630e [stream]
[debug] [2022-09-29T13:16:15.497Z] [uploadQueue] Retrying task e30b6443b5bd89b5959f511ba5d7274748edfc3c34ac6a820b8bc1ba9eff2d9e
[debug] [2022-09-29T13:16:15.499Z] >>> [apiv2][query] POST https://upload-firebasehosting.googleapis.com/upload/sites/ieatapp/versions/f1b6fa5e6d3dff1d/files/e30b6443b5bd89b5959f511ba5d7274748edfc3c34ac6a820b8bc1ba9eff2d9e [none]
[debug] [2022-09-29T13:16:15.500Z] >>> [apiv2][body] POST https://upload-firebasehosting.googleapis.com/upload/sites/ieatapp/versions/f1b6fa5e6d3dff1d/files/e30b6443b5bd89b5959f511ba5d7274748edfc3c34ac6a820b8bc1ba9eff2d9e [stream]
[debug] [2022-09-29T13:16:22.269Z] [uploadQueue] Retrying task fef481fbc754e61be7082d73dbe0084b34dd28c4f1065a83ae8d87d942bceb64
[debug] [2022-09-29T13:16:22.286Z] >>> [apiv2][query] POST https://upload-firebasehosting.googleapis.com/upload/sites/ieatapp/versions/f1b6fa5e6d3dff1d/files/fef481fbc754e61be7082d73dbe0084b34dd28c4f1065a83ae8d87d942bceb64 [none]
[debug] [2022-09-29T13:16:22.286Z] >>> [apiv2][body] POST https://upload-firebasehosting.googleapis.com/upload/sites/ieatapp/versions/f1b6fa5e6d3dff1d/files/fef481fbc754e61be7082d73dbe0084b34dd28c4f1065a83ae8d87d942bceb64 [stream]
[debug] [2022-09-29T13:16:27.597Z] [uploadQueue] Retrying task a57e59af5a71b7cdaa5fd719f7ee8663e25896ded93e5c6127b2c0f885c81d2c
[debug] [2022-09-29T13:16:27.599Z] >>> [apiv2][query] POST https://upload-firebasehosting.googleapis.com/upload/sites/ieatapp/versions/f1b6fa5e6d3dff1d/files/a57e59af5a71b7cdaa5fd719f7ee8663e25896ded93e5c6127b2c0f885c81d2c [none]
[debug] [2022-09-29T13:16:27.600Z] >>> [apiv2][body] POST https://upload-firebasehosting.googleapis.com/upload/sites/ieatapp/versions/f1b6fa5e6d3dff1d/files/a57e59af5a71b7cdaa5fd719f7ee8663e25896ded93e5c6127b2c0f885c81d2c [stream]
[debug] [2022-09-29T13:16:30.144Z] [uploadQueue] Retrying task a7f4daa49f92daab83d74204f3d42a61076ccef41d6019b66d06b9855a5d5168
[debug] [2022-09-29T13:16:30.147Z] >>> [apiv2][query] POST https://upload-firebasehosting.googleapis.com/upload/sites/ieatapp/versions/f1b6fa5e6d3dff1d/files/a7f4daa49f92daab83d74204f3d42a61076ccef41d6019b66d06b9855a5d5168 [none]
[debug] [2022-09-29T13:16:30.147Z] >>> [apiv2][body] POST https://upload-firebasehosting.googleapis.com/upload/sites/ieatapp/versions/f1b6fa5e6d3dff1d/files/a7f4daa49f92daab83d74204f3d42a61076ccef41d6019b66d06b9855a5d5168 [stream]
[debug] [2022-09-29T13:16:33.249Z] [uploadQueue] Retrying task 2eea4240b067f3106aaccd96594a8cf5650ac5b735179bcc96ce4d154456f769
[debug] [2022-09-29T13:16:33.252Z] >>> [apiv2][query] POST https://upload-firebasehosting.googleapis.com/upload/sites/ieatapp/versions/f1b6fa5e6d3dff1d/files/2eea4240b067f3106aaccd96594a8cf5650ac5b735179bcc96ce4d154456f769 [none]
[debug] [2022-09-29T13:16:33.252Z] >>> [apiv2][body] POST https://upload-firebasehosting.googleapis.com/upload/sites/ieatapp/versions/f1b6fa5e6d3dff1d/files/2eea4240b067f3106aaccd96594a8cf5650ac5b735179bcc96ce4d154456f769 [stream]
[debug] [2022-09-29T13:16:34.522Z] [uploadQueue] Retrying task 305ed61cbeea96aa85f04117d179f66bac7cee7fa2a7101e0a00fbb5ea2a630e
[debug] [2022-09-29T13:16:34.524Z] >>> [apiv2][query] POST https://upload-firebasehosting.googleapis.com/upload/sites/ieatapp/versions/f1b6fa5e6d3dff1d/files/305ed61cbeea96aa85f04117d179f66bac7cee7fa2a7101e0a00fbb5ea2a630e [none]
[debug] [2022-09-29T13:16:34.524Z] >>> [apiv2][body] POST https://upload-firebasehosting.googleapis.com/upload/sites/ieatapp/versions/f1b6fa5e6d3dff1d/files/305ed61cbeea96aa85f04117d179f66bac7cee7fa2a7101e0a00fbb5ea2a630e [stream]
[debug] [2022-09-29T13:16:37.769Z] [uploadQueue] Retrying task 7185f1911395554a7d9c6636b4f40b32390b2dbe03f37b48906801430ac54448
[debug] [2022-09-29T13:16:37.771Z] >>> [apiv2][query] POST https://upload-firebasehosting.googleapis.com/upload/sites/ieatapp/versions/f1b6fa5e6d3dff1d/files/7185f1911395554a7d9c6636b4f40b32390b2dbe03f37b48906801430ac54448 [none]
[debug] [2022-09-29T13:16:37.772Z] >>> [apiv2][body] POST https://upload-firebasehosting.googleapis.com/upload/sites/ieatapp/versions/f1b6fa5e6d3dff1d/files/7185f1911395554a7d9c6636b4f40b32390b2dbe03f37b48906801430ac54448 [stream]
[debug] [2022-09-29T13:16:37.784Z] [uploadQueue] Retrying task 2bfb82a6faaa917b0facce31015177c9a733ad99a39f372bc721af284c3f85ec
[debug] [2022-09-29T13:16:37.785Z] >>> [apiv2][query] POST https://upload-firebasehosting.googleapis.com/upload/sites/ieatapp/versions/f1b6fa5e6d3dff1d/files/2bfb82a6faaa917b0facce31015177c9a733ad99a39f372bc721af284c3f85ec [none]
[debug] [2022-09-29T13:16:37.785Z] >>> [apiv2][body] POST https://upload-firebasehosting.googleapis.com/upload/sites/ieatapp/versions/f1b6fa5e6d3dff1d/files/2bfb82a6faaa917b0facce31015177c9a733ad99a39f372bc721af284c3f85ec [stream]
[debug] [2022-09-29T13:16:37.789Z] [uploadQueue] Retrying task ed9d185596ed0dbdd0486af0381e03c5c7c16ff8ef53bf36468e42690433742a
[debug] [2022-09-29T13:16:37.791Z] >>> [apiv2][query] POST https://upload-firebasehosting.googleapis.com/upload/sites/ieatapp/versions/f1b6fa5e6d3dff1d/files/ed9d185596ed0dbdd0486af0381e03c5c7c16ff8ef53bf36468e42690433742a [none]
[debug] [2022-09-29T13:16:37.791Z] >>> [apiv2][body] POST https://upload-firebasehosting.googleapis.com/upload/sites/ieatapp/versions/f1b6fa5e6d3dff1d/files/ed9d185596ed0dbdd0486af0381e03c5c7c16ff8ef53bf36468e42690433742a [stream]
[debug] [2022-09-29T13:16:37.794Z] [uploadQueue] Retrying task 439fd04375313741f3d851d415d917ca4a3b2d72c29673701e4af880db1b2b08
[debug] [2022-09-29T13:16:37.795Z] >>> [apiv2][query] POST https://upload-firebasehosting.googleapis.com/upload/sites/ieatapp/versions/f1b6fa5e6d3dff1d/files/439fd04375313741f3d851d415d917ca4a3b2d72c29673701e4af880db1b2b08 [none]
[debug] [2022-09-29T13:16:37.795Z] >>> [apiv2][body] POST https://upload-firebasehosting.googleapis.com/upload/sites/ieatapp/versions/f1b6fa5e6d3dff1d/files/439fd04375313741f3d851d415d917ca4a3b2d72c29673701e4af880db1b2b08 [stream]
[debug] [2022-09-29T13:16:44.222Z] [uploadQueue] Retrying task a57e59af5a71b7cdaa5fd719f7ee8663e25896ded93e5c6127b2c0f885c81d2c
[debug] [2022-09-29T13:16:44.225Z] >>> [apiv2][query] POST https://upload-firebasehosting.googleapis.com/upload/sites/ieatapp/versions/f1b6fa5e6d3dff1d/files/a57e59af5a71b7cdaa5fd719f7ee8663e25896ded93e5c6127b2c0f885c81d2c [none]
[debug] [2022-09-29T13:16:44.225Z] >>> [apiv2][body] POST https://upload-firebasehosting.googleapis.com/upload/sites/ieatapp/versions/f1b6fa5e6d3dff1d/files/a57e59af5a71b7cdaa5fd719f7ee8663e25896ded93e5c6127b2c0f885c81d2c [stream]
[debug] [2022-09-29T13:16:45.549Z] [uploadQueue] Retrying task f14dd9a1bb893eb8c5aab3cefefb6f6936b76b531f6ecac11d261534211d7cfe
[debug] [2022-09-29T13:16:45.550Z] >>> [apiv2][query] POST https://upload-firebasehosting.googleapis.com/upload/sites/ieatapp/versions/f1b6fa5e6d3dff1d/files/f14dd9a1bb893eb8c5aab3cefefb6f6936b76b531f6ecac11d261534211d7cfe [none]
[debug] [2022-09-29T13:16:45.550Z] >>> [apiv2][body] POST https://upload-firebasehosting.googleapis.com/upload/sites/ieatapp/versions/f1b6fa5e6d3dff1d/files/f14dd9a1bb893eb8c5aab3cefefb6f6936b76b531f6ecac11d261534211d7cfe [stream]
[debug] [2022-09-29T13:16:45.787Z] [uploadQueue] Retrying task cbc5d280f5d78758a467e40b0f3c5ac763a07369c1f769f5cb564b8e9ab5ed0f
[debug] [2022-09-29T13:16:45.790Z] >>> [apiv2][query] POST https://upload-firebasehosting.googleapis.com/upload/sites/ieatapp/versions/f1b6fa5e6d3dff1d/files/cbc5d280f5d78758a467e40b0f3c5ac763a07369c1f769f5cb564b8e9ab5ed0f [none]
[debug] [2022-09-29T13:16:45.791Z] >>> [apiv2][body] POST https://upload-firebasehosting.googleapis.com/upload/sites/ieatapp/versions/f1b6fa5e6d3dff1d/files/cbc5d280f5d78758a467e40b0f3c5ac763a07369c1f769f5cb564b8e9ab5ed0f [stream]
[debug] [2022-09-29T13:16:48.718Z] [uploadQueue] Retrying task e30b6443b5bd89b5959f511ba5d7274748edfc3c34ac6a820b8bc1ba9eff2d9e
[debug] [2022-09-29T13:16:48.722Z] >>> [apiv2][query] POST https://upload-firebasehosting.googleapis.com/upload/sites/ieatapp/versions/f1b6fa5e6d3dff1d/files/e30b6443b5bd89b5959f511ba5d7274748edfc3c34ac6a820b8bc1ba9eff2d9e [none]
[debug] [2022-09-29T13:16:48.722Z] >>> [apiv2][body] POST https://upload-firebasehosting.googleapis.com/upload/sites/ieatapp/versions/f1b6fa5e6d3dff1d/files/e30b6443b5bd89b5959f511ba5d7274748edfc3c34ac6a820b8bc1ba9eff2d9e [stream]
[debug] [2022-09-29T13:16:52.365Z] [uploadQueue] Retrying task 7185f1911395554a7d9c6636b4f40b32390b2dbe03f37b48906801430ac54448
[debug] [2022-09-29T13:16:52.367Z] >>> [apiv2][query] POST https://upload-firebasehosting.googleapis.com/upload/sites/ieatapp/versions/f1b6fa5e6d3dff1d/files/7185f1911395554a7d9c6636b4f40b32390b2dbe03f37b48906801430ac54448 [none]
[debug] [2022-09-29T13:16:52.368Z] >>> [apiv2][body] POST https://upload-firebasehosting.googleapis.com/upload/sites/ieatapp/versions/f1b6fa5e6d3dff1d/files/7185f1911395554a7d9c6636b4f40b32390b2dbe03f37b48906801430ac54448 [stream]
[debug] [2022-09-29T13:16:52.371Z] [uploadQueue] Retrying task 439fd04375313741f3d851d415d917ca4a3b2d72c29673701e4af880db1b2b08
[debug] [2022-09-29T13:16:52.373Z] >>> [apiv2][query] POST https://upload-firebasehosting.googleapis.com/upload/sites/ieatapp/versions/f1b6fa5e6d3dff1d/files/439fd04375313741f3d851d415d917ca4a3b2d72c29673701e4af880db1b2b08 [none]
[debug] [2022-09-29T13:16:52.373Z] >>> [apiv2][body] POST https://upload-firebasehosting.googleapis.com/upload/sites/ieatapp/versions/f1b6fa5e6d3dff1d/files/439fd04375313741f3d851d415d917ca4a3b2d72c29673701e4af880db1b2b08 [stream]
[debug] [2022-09-29T13:16:55.500Z] [uploadQueue] Retrying task fef481fbc754e61be7082d73dbe0084b34dd28c4f1065a83ae8d87d942bceb64
[debug] [2022-09-29T13:16:55.505Z] >>> [apiv2][query] POST https://upload-firebasehosting.googleapis.com/upload/sites/ieatapp/versions/f1b6fa5e6d3dff1d/files/fef481fbc754e61be7082d73dbe0084b34dd28c4f1065a83ae8d87d942bceb64 [none]
[debug] [2022-09-29T13:16:55.506Z] >>> [apiv2][body] POST https://upload-firebasehosting.googleapis.com/upload/sites/ieatapp/versions/f1b6fa5e6d3dff1d/files/fef481fbc754e61be7082d73dbe0084b34dd28c4f1065a83ae8d87d942bceb64 [stream]
[debug] [2022-09-29T13:16:58.403Z] [uploadQueue] Retrying task 2bfb82a6faaa917b0facce31015177c9a733ad99a39f372bc721af284c3f85ec
[debug] [2022-09-29T13:16:58.404Z] >>> [apiv2][query] POST https://upload-firebasehosting.googleapis.com/upload/sites/ieatapp/versions/f1b6fa5e6d3dff1d/files/2bfb82a6faaa917b0facce31015177c9a733ad99a39f372bc721af284c3f85ec [none]
[debug] [2022-09-29T13:16:58.404Z] >>> [apiv2][body] POST https://upload-firebasehosting.googleapis.com/upload/sites/ieatapp/versions/f1b6fa5e6d3dff1d/files/2bfb82a6faaa917b0facce31015177c9a733ad99a39f372bc721af284c3f85ec [stream]
[debug] [2022-09-29T13:16:58.777Z] [uploadQueue] Retrying task 305ed61cbeea96aa85f04117d179f66bac7cee7fa2a7101e0a00fbb5ea2a630e
[debug] [2022-09-29T13:16:58.779Z] >>> [apiv2][query] POST https://upload-firebasehosting.googleapis.com/upload/sites/ieatapp/versions/f1b6fa5e6d3dff1d/files/305ed61cbeea96aa85f04117d179f66bac7cee7fa2a7101e0a00fbb5ea2a630e [none]
[debug] [2022-09-29T13:16:58.779Z] >>> [apiv2][body] POST https://upload-firebasehosting.googleapis.com/upload/sites/ieatapp/versions/f1b6fa5e6d3dff1d/files/305ed61cbeea96aa85f04117d179f66bac7cee7fa2a7101e0a00fbb5ea2a630e [stream]
[debug] [2022-09-29T13:16:59.043Z] [uploadQueue] Retrying task a7f4daa49f92daab83d74204f3d42a61076ccef41d6019b66d06b9855a5d5168
[debug] [2022-09-29T13:16:59.045Z] >>> [apiv2][query] POST https://upload-firebasehosting.googleapis.com/upload/sites/ieatapp/versions/f1b6fa5e6d3dff1d/files/a7f4daa49f92daab83d74204f3d42a61076ccef41d6019b66d06b9855a5d5168 [none]
[debug] [2022-09-29T13:16:59.045Z] >>> [apiv2][body] POST https://upload-firebasehosting.googleapis.com/upload/sites/ieatapp/versions/f1b6fa5e6d3dff1d/files/a7f4daa49f92daab83d74204f3d42a61076ccef41d6019b66d06b9855a5d5168 [stream]
[debug] [2022-09-29T13:17:08.857Z] [uploadQueue] Retrying task e30b6443b5bd89b5959f511ba5d7274748edfc3c34ac6a820b8bc1ba9eff2d9e
[debug] [2022-09-29T13:17:08.859Z] >>> [apiv2][query] POST https://upload-firebasehosting.googleapis.com/upload/sites/ieatapp/versions/f1b6fa5e6d3dff1d/files/e30b6443b5bd89b5959f511ba5d7274748edfc3c34ac6a820b8bc1ba9eff2d9e [none]
[debug] [2022-09-29T13:17:08.859Z] >>> [apiv2][body] POST https://upload-firebasehosting.googleapis.com/upload/sites/ieatapp/versions/f1b6fa5e6d3dff1d/files/e30b6443b5bd89b5959f511ba5d7274748edfc3c34ac6a820b8bc1ba9eff2d9e [stream]
[debug] [2022-09-29T13:17:09.680Z] [uploadQueue] Retrying task 2eea4240b067f3106aaccd96594a8cf5650ac5b735179bcc96ce4d154456f769
[debug] [2022-09-29T13:17:09.681Z] >>> [apiv2][query] POST https://upload-firebasehosting.googleapis.com/upload/sites/ieatapp/versions/f1b6fa5e6d3dff1d/files/2eea4240b067f3106aaccd96594a8cf5650ac5b735179bcc96ce4d154456f769 [none]
[debug] [2022-09-29T13:17:09.681Z] >>> [apiv2][body] POST https://upload-firebasehosting.googleapis.com/upload/sites/ieatapp/versions/f1b6fa5e6d3dff1d/files/2eea4240b067f3106aaccd96594a8cf5650ac5b735179bcc96ce4d154456f769 [stream]
[debug] [2022-09-29T13:17:11.010Z] [uploadQueue] Retrying task ed9d185596ed0dbdd0486af0381e03c5c7c16ff8ef53bf36468e42690433742a
[debug] [2022-09-29T13:17:11.014Z] >>> [apiv2][query] POST https://upload-firebasehosting.googleapis.com/upload/sites/ieatapp/versions/f1b6fa5e6d3dff1d/files/ed9d185596ed0dbdd0486af0381e03c5c7c16ff8ef53bf36468e42690433742a [none]
[debug] [2022-09-29T13:17:11.014Z] >>> [apiv2][body] POST https://upload-firebasehosting.googleapis.com/upload/sites/ieatapp/versions/f1b6fa5e6d3dff1d/files/ed9d185596ed0dbdd0486af0381e03c5c7c16ff8ef53bf36468e42690433742a [stream]
[debug] [2022-09-29T13:17:13.237Z] [uploadQueue] Retrying task cbc5d280f5d78758a467e40b0f3c5ac763a07369c1f769f5cb564b8e9ab5ed0f
[debug] [2022-09-29T13:17:13.240Z] >>> [apiv2][query] POST https://upload-firebasehosting.googleapis.com/upload/sites/ieatapp/versions/f1b6fa5e6d3dff1d/files/cbc5d280f5d78758a467e40b0f3c5ac763a07369c1f769f5cb564b8e9ab5ed0f [none]
[debug] [2022-09-29T13:17:13.240Z] >>> [apiv2][body] POST https://upload-firebasehosting.googleapis.com/upload/sites/ieatapp/versions/f1b6fa5e6d3dff1d/files/cbc5d280f5d78758a467e40b0f3c5ac763a07369c1f769f5cb564b8e9ab5ed0f [stream]
[debug] [2022-09-29T13:17:19.846Z] [uploadQueue] Retrying task 439fd04375313741f3d851d415d917ca4a3b2d72c29673701e4af880db1b2b08
[debug] [2022-09-29T13:17:19.849Z] >>> [apiv2][query] POST https://upload-firebasehosting.googleapis.com/upload/sites/ieatapp/versions/f1b6fa5e6d3dff1d/files/439fd04375313741f3d851d415d917ca4a3b2d72c29673701e4af880db1b2b08 [none]
[debug] [2022-09-29T13:17:19.850Z] >>> [apiv2][body] POST https://upload-firebasehosting.googleapis.com/upload/sites/ieatapp/versions/f1b6fa5e6d3dff1d/files/439fd04375313741f3d851d415d917ca4a3b2d72c29673701e4af880db1b2b08 [stream]
[debug] [2022-09-29T13:17:20.642Z] [uploadQueue] Retrying task a57e59af5a71b7cdaa5fd719f7ee8663e25896ded93e5c6127b2c0f885c81d2c
[debug] [2022-09-29T13:17:20.643Z] >>> [apiv2][query] POST https://upload-firebasehosting.googleapis.com/upload/sites/ieatapp/versions/f1b6fa5e6d3dff1d/files/a57e59af5a71b7cdaa5fd719f7ee8663e25896ded93e5c6127b2c0f885c81d2c [none]
[debug] [2022-09-29T13:17:20.643Z] >>> [apiv2][body] POST https://upload-firebasehosting.googleapis.com/upload/sites/ieatapp/versions/f1b6fa5e6d3dff1d/files/a57e59af5a71b7cdaa5fd719f7ee8663e25896ded93e5c6127b2c0f885c81d2c [stream]
[debug] [2022-09-29T13:17:21.965Z] [uploadQueue] Retrying task f14dd9a1bb893eb8c5aab3cefefb6f6936b76b531f6ecac11d261534211d7cfe
[debug] [2022-09-29T13:17:21.970Z] >>> [apiv2][query] POST https://upload-firebasehosting.googleapis.com/upload/sites/ieatapp/versions/f1b6fa5e6d3dff1d/files/f14dd9a1bb893eb8c5aab3cefefb6f6936b76b531f6ecac11d261534211d7cfe [none]
[debug] [2022-09-29T13:17:21.970Z] >>> [apiv2][body] POST https://upload-firebasehosting.googleapis.com/upload/sites/ieatapp/versions/f1b6fa5e6d3dff1d/files/f14dd9a1bb893eb8c5aab3cefefb6f6936b76b531f6ecac11d261534211d7cfe [stream]
[debug] [2022-09-29T13:17:25.872Z] [uploadQueue] Retrying task 2bfb82a6faaa917b0facce31015177c9a733ad99a39f372bc721af284c3f85ec
[debug] [2022-09-29T13:17:25.874Z] >>> [apiv2][query] POST https://upload-firebasehosting.googleapis.com/upload/sites/ieatapp/versions/f1b6fa5e6d3dff1d/files/2bfb82a6faaa917b0facce31015177c9a733ad99a39f372bc721af284c3f85ec [none]
[debug] [2022-09-29T13:17:25.874Z] >>> [apiv2][body] POST https://upload-firebasehosting.googleapis.com/upload/sites/ieatapp/versions/f1b6fa5e6d3dff1d/files/2bfb82a6faaa917b0facce31015177c9a733ad99a39f372bc721af284c3f85ec [stream]
[debug] [2022-09-29T13:17:26.235Z] [uploadQueue] Retrying task 305ed61cbeea96aa85f04117d179f66bac7cee7fa2a7101e0a00fbb5ea2a630e
[debug] [2022-09-29T13:17:26.238Z] >>> [apiv2][query] POST https://upload-firebasehosting.googleapis.com/upload/sites/ieatapp/versions/f1b6fa5e6d3dff1d/files/305ed61cbeea96aa85f04117d179f66bac7cee7fa2a7101e0a00fbb5ea2a630e [none]
[debug] [2022-09-29T13:17:26.239Z] >>> [apiv2][body] POST https://upload-firebasehosting.googleapis.com/upload/sites/ieatapp/versions/f1b6fa5e6d3dff1d/files/305ed61cbeea96aa85f04117d179f66bac7cee7fa2a7101e0a00fbb5ea2a630e [stream]
[debug] [2022-09-29T13:17:28.786Z] [uploadQueue] Retrying task 7185f1911395554a7d9c6636b4f40b32390b2dbe03f37b48906801430ac54448
[debug] [2022-09-29T13:17:28.790Z] >>> [apiv2][query] POST https://upload-firebasehosting.googleapis.com/upload/sites/ieatapp/versions/f1b6fa5e6d3dff1d/files/7185f1911395554a7d9c6636b4f40b32390b2dbe03f37b48906801430ac54448 [none]
[debug] [2022-09-29T13:17:28.791Z] >>> [apiv2][body] POST https://upload-firebasehosting.googleapis.com/upload/sites/ieatapp/versions/f1b6fa5e6d3dff1d/files/7185f1911395554a7d9c6636b4f40b32390b2dbe03f37b48906801430ac54448 [stream]
[debug] Task 2eea4240b067f3106aaccd96594a8cf5650ac5b735179bcc96ce4d154456f769 failed: retries exhausted after 6 attempts, with error: Failed to make request to https://upload-firebasehosting.googleapis.com/upload/sites/ieatapp/versions/f1b6fa5e6d3dff1d/files/2eea4240b067f3106aaccd96594a8cf5650ac5b735179bcc96ce4d154456f769
[debug] [2022-09-29T13:17:30.741Z] [hosting][upload queue][FINAL] {"max":21451,"min":6069,"avg":13760,"active":11,"complete":3,"success":2,"errored":1,"retried":59,"total":14,"elapsed":136914}
[debug] [2022-09-29T13:17:31.933Z] [uploadQueue] Retrying task fef481fbc754e61be7082d73dbe0084b34dd28c4f1065a83ae8d87d942bceb64
[debug] [2022-09-29T13:17:31.937Z] >>> [apiv2][query] POST https://upload-firebasehosting.googleapis.com/upload/sites/ieatapp/versions/f1b6fa5e6d3dff1d/files/fef481fbc754e61be7082d73dbe0084b34dd28c4f1065a83ae8d87d942bceb64 [none]
[debug] [2022-09-29T13:17:31.938Z] >>> [apiv2][body] POST https://upload-firebasehosting.googleapis.com/upload/sites/ieatapp/versions/f1b6fa5e6d3dff1d/files/fef481fbc754e61be7082d73dbe0084b34dd28c4f1065a83ae8d87d942bceb64 [stream]
[debug] [2022-09-29T13:17:35.459Z] [uploadQueue] Retrying task a7f4daa49f92daab83d74204f3d42a61076ccef41d6019b66d06b9855a5d5168
[debug] [2022-09-29T13:17:35.461Z] >>> [apiv2][query] POST https://upload-firebasehosting.googleapis.com/upload/sites/ieatapp/versions/f1b6fa5e6d3dff1d/files/a7f4daa49f92daab83d74204f3d42a61076ccef41d6019b66d06b9855a5d5168 [none]
[debug] [2022-09-29T13:17:35.461Z] >>> [apiv2][body] POST https://upload-firebasehosting.googleapis.com/upload/sites/ieatapp/versions/f1b6fa5e6d3dff1d/files/a7f4daa49f92daab83d74204f3d42a61076ccef41d6019b66d06b9855a5d5168 [stream]
[debug] Task f14dd9a1bb893eb8c5aab3cefefb6f6936b76b531f6ecac11d261534211d7cfe failed: retries exhausted after 6 attempts, with error: Failed to make request to https://upload-firebasehosting.googleapis.com/upload/sites/ieatapp/versions/f1b6fa5e6d3dff1d/files/f14dd9a1bb893eb8c5aab3cefefb6f6936b76b531f6ecac11d261534211d7cfe
[debug] [2022-09-29T13:17:35.762Z] Error: Timed out.
    at Timeout._onTimeout (C:\Users\Forcier\AppData\Roaming\npm\node_modules\firebase-tools\lib\utils.js:253:49)
    at listOnTimeout (node:internal/timers:557:17)
    at processTimers (node:internal/timers:500:7)
[error] 
[error] Error: An unexpected error has occurred.
[debug] [2022-09-29T13:19:06.858Z] ----------------------------------------------------------------------
[debug] [2022-09-29T13:19:06.860Z] Command:       C:\Program Files\nodejs\node.exe C:\Users\Forcier\AppData\Roaming\npm\node_modules\firebase-tools\lib\bin\firebase.js deploy
[debug] [2022-09-29T13:19:06.861Z] CLI Version:   11.11.0
[debug] [2022-09-29T13:19:06.861Z] Platform:      win32
[debug] [2022-09-29T13:19:06.861Z] Node Version:  v16.13.1
[debug] [2022-09-29T13:19:06.863Z] Time:          Thu Sep 29 2022 15:19:06 GMT+0200 (Eastern European Standard Time)
[debug] [2022-09-29T13:19:06.863Z] ----------------------------------------------------------------------
[debug] 
[debug] [2022-09-29T13:19:06.963Z] > command requires scopes: ["email","openid","https://www.googleapis.com/auth/cloudplatformprojects.readonly","https://www.googleapis.com/auth/firebase","https://www.googleapis.com/auth/cloud-platform"]
[debug] [2022-09-29T13:19:06.964Z] > authorizing via signed-in user (ahelmi365@gmail.com)
[debug] [2022-09-29T13:19:06.964Z] [iam] checking project ieatapp for permissions ["firebase.projects.get","firebasehosting.sites.update"]
[debug] [2022-09-29T13:19:06.967Z] >>> [apiv2][query] POST https://cloudresourcemanager.googleapis.com/v1/projects/ieatapp:testIamPermissions [none]
[debug] [2022-09-29T13:19:06.967Z] >>> [apiv2][(partial)header] POST https://cloudresourcemanager.googleapis.com/v1/projects/ieatapp:testIamPermissions x-goog-quota-user=projects/ieatapp
[debug] [2022-09-29T13:19:06.967Z] >>> [apiv2][body] POST https://cloudresourcemanager.googleapis.com/v1/projects/ieatapp:testIamPermissions {"permissions":["firebase.projects.get","firebasehosting.sites.update"]}
[debug] [2022-09-29T13:19:18.411Z] [iam] error while checking permissions, command may fail: FirebaseError: Failed to make request to https://cloudresourcemanager.googleapis.com/v1/projects/ieatapp:testIamPermissions
[debug] [2022-09-29T13:19:18.416Z] >>> [apiv2][query] GET https://firebase.googleapis.com/v1beta1/projects/ieatapp [none]
[debug] [2022-09-29T13:19:28.813Z] Failed to make request to https://firebase.googleapis.com/v1beta1/projects/ieatapp
[debug] [2022-09-29T13:19:30.437Z] FirebaseError: Failed to make request to https://firebase.googleapis.com/v1beta1/projects/ieatapp
    at RetryOperation._fn (C:\Users\Forcier\AppData\Roaming\npm\node_modules\firebase-tools\lib\apiv2.js:242:31)
    at processTicksAndRejections (node:internal/process/task_queues:96:5)
[error] 
[error] Error: Failed to get Firebase project ieatapp. Please make sure the project exists and your account has permission to access it.
